2020-12-08 22:52:08.957 [main] INFO  codecta.academy.DisneylandsNetflixApp.netflix.netflixMain - Odabran Netflix catalog!
2020-12-08 22:52:10.607 [main] INFO  codecta.academy.DisneylandsNetflixApp.netflix.netflixMain - Korisnik haris je pokrenuo aplikaciju.
2020-12-08 22:52:10.614 [main] INFO  codecta.academy.DisneylandsNetflixApp.netflix.netflixMain - Kreirana lista žanrova, dodani žanrovi. Izostavljen zanr .
2020-12-08 22:52:10.615 [main] INFO  codecta.academy.DisneylandsNetflixApp.netflix.netflixMain - Korisniku ispisani svi žanrovi na ekran.
2020-12-08 22:52:12.103 [main] INFO  codecta.academy.DisneylandsNetflixApp.netflix.netflixMain - Korisnik haris unio broj 3.
2020-12-08 22:52:12.108 [main] INFO  codecta.academy.DisneylandsNetflixApp.netflix.netflixMain - Korisnik haris odabrao žanr Comedy.
2020-12-08 22:52:12.113 [main] INFO  codecta.academy.DisneylandsNetflixApp.netflix.Movies.Movie - Iz fajla C:\Users\Haris\Desktop\Repos\[GitHub] - academy-2021\academy-2021\DisneylandsNetflixApp\src\main\resources\Genres\Comedy\Dumb and dumber\Dumb and dumber.txt izgenerisani podaci o filmu Dumb and Dumber.
2020-12-08 22:52:12.116 [main] INFO  codecta.academy.DisneylandsNetflixApp.netflix.Actors.Actor - Iz fajla C:\Users\Haris\Desktop\Repos\[GitHub] - academy-2021\academy-2021\DisneylandsNetflixApp\src\main\resources\Genres\Comedy\Dumb and dumber\Actors\Jeff Daniels.txt izgenerisani podaci o glumcu Jeff Daniels.
2020-12-08 22:52:12.117 [main] INFO  codecta.academy.DisneylandsNetflixApp.netflix.Actors.Actor - Iz fajla C:\Users\Haris\Desktop\Repos\[GitHub] - academy-2021\academy-2021\DisneylandsNetflixApp\src\main\resources\Genres\Comedy\Dumb and dumber\Actors\Jim Carrey.txt izgenerisani podaci o glumcu Jim Carrey.
2020-12-08 22:52:12.118 [main] INFO  codecta.academy.DisneylandsNetflixApp.netflix.Movies.Movie - Iz fajla C:\Users\Haris\Desktop\Repos\[GitHub] - academy-2021\academy-2021\DisneylandsNetflixApp\src\main\resources\Genres\Comedy\Home Alone\Home Alone.txt izgenerisani podaci o filmu Home Alone.
2020-12-08 22:52:12.120 [main] INFO  codecta.academy.DisneylandsNetflixApp.netflix.Actors.Actor - Iz fajla C:\Users\Haris\Desktop\Repos\[GitHub] - academy-2021\academy-2021\DisneylandsNetflixApp\src\main\resources\Genres\Comedy\Home Alone\Actors\Daniel Stern.txt izgenerisani podaci o glumcu Daniel Stern.
2020-12-08 22:52:12.121 [main] INFO  codecta.academy.DisneylandsNetflixApp.netflix.Actors.Actor - Iz fajla C:\Users\Haris\Desktop\Repos\[GitHub] - academy-2021\academy-2021\DisneylandsNetflixApp\src\main\resources\Genres\Comedy\Home Alone\Actors\Joe Pesci.txt izgenerisani podaci o glumcu Joe Pesci.
2020-12-08 22:52:12.122 [main] INFO  codecta.academy.DisneylandsNetflixApp.netflix.Actors.Actor - Iz fajla C:\Users\Haris\Desktop\Repos\[GitHub] - academy-2021\academy-2021\DisneylandsNetflixApp\src\main\resources\Genres\Comedy\Home Alone\Actors\Macaulay Culkin.txt izgenerisani podaci o glumcu Macaulay Culkin.
2020-12-08 22:52:15.420 [main] INFO  codecta.academy.DisneylandsNetflixApp.netflix.Movies.Movie - Iz fajla C:\Users\Haris\Desktop\Repos\[GitHub] - academy-2021\academy-2021\DisneylandsNetflixApp\src\main\resources\Genres\Comedy\Dumb and dumber\Dumb and dumber.txt izgenerisani podaci o filmu Dumb and Dumber.
2020-12-08 22:52:15.422 [main] INFO  codecta.academy.DisneylandsNetflixApp.netflix.Actors.Actor - Iz fajla C:\Users\Haris\Desktop\Repos\[GitHub] - academy-2021\academy-2021\DisneylandsNetflixApp\src\main\resources\Genres\Comedy\Dumb and dumber\Actors\Jeff Daniels.txt izgenerisani podaci o glumcu Jeff Daniels.
2020-12-08 22:52:15.425 [main] INFO  codecta.academy.DisneylandsNetflixApp.netflix.Actors.Actor - Iz fajla C:\Users\Haris\Desktop\Repos\[GitHub] - academy-2021\academy-2021\DisneylandsNetflixApp\src\main\resources\Genres\Comedy\Dumb and dumber\Actors\Jim Carrey.txt izgenerisani podaci o glumcu Jim Carrey.
2020-12-08 22:52:15.426 [main] INFO  codecta.academy.DisneylandsNetflixApp.netflix.Movies.Movie - Iz fajla C:\Users\Haris\Desktop\Repos\[GitHub] - academy-2021\academy-2021\DisneylandsNetflixApp\src\main\resources\Genres\Comedy\Home Alone\Home Alone.txt izgenerisani podaci o filmu Home Alone.
2020-12-08 22:52:15.427 [main] INFO  codecta.academy.DisneylandsNetflixApp.netflix.Actors.Actor - Iz fajla C:\Users\Haris\Desktop\Repos\[GitHub] - academy-2021\academy-2021\DisneylandsNetflixApp\src\main\resources\Genres\Comedy\Home Alone\Actors\Daniel Stern.txt izgenerisani podaci o glumcu Daniel Stern.
2020-12-08 22:52:15.428 [main] INFO  codecta.academy.DisneylandsNetflixApp.netflix.Actors.Actor - Iz fajla C:\Users\Haris\Desktop\Repos\[GitHub] - academy-2021\academy-2021\DisneylandsNetflixApp\src\main\resources\Genres\Comedy\Home Alone\Actors\Joe Pesci.txt izgenerisani podaci o glumcu Joe Pesci.
2020-12-08 22:52:15.428 [main] INFO  codecta.academy.DisneylandsNetflixApp.netflix.Actors.Actor - Iz fajla C:\Users\Haris\Desktop\Repos\[GitHub] - academy-2021\academy-2021\DisneylandsNetflixApp\src\main\resources\Genres\Comedy\Home Alone\Actors\Macaulay Culkin.txt izgenerisani podaci o glumcu Macaulay Culkin.
2020-12-08 22:52:15.429 [main] INFO  codecta.academy.DisneylandsNetflixApp.netflix.netflixMain - Korisnik haris unio broj 2.
2020-12-08 22:52:15.430 [main] INFO  codecta.academy.DisneylandsNetflixApp.netflix.Movies.Movie - Iz fajla C:\Users\Haris\Desktop\Repos\[GitHub] - academy-2021\academy-2021\DisneylandsNetflixApp\src\main\resources\Genres\Comedy\Dumb and dumber\Dumb and dumber.txt izgenerisani podaci o filmu Dumb and Dumber.
2020-12-08 22:52:15.431 [main] INFO  codecta.academy.DisneylandsNetflixApp.netflix.Actors.Actor - Iz fajla C:\Users\Haris\Desktop\Repos\[GitHub] - academy-2021\academy-2021\DisneylandsNetflixApp\src\main\resources\Genres\Comedy\Dumb and dumber\Actors\Jeff Daniels.txt izgenerisani podaci o glumcu Jeff Daniels.
2020-12-08 22:52:15.432 [main] INFO  codecta.academy.DisneylandsNetflixApp.netflix.Actors.Actor - Iz fajla C:\Users\Haris\Desktop\Repos\[GitHub] - academy-2021\academy-2021\DisneylandsNetflixApp\src\main\resources\Genres\Comedy\Dumb and dumber\Actors\Jim Carrey.txt izgenerisani podaci o glumcu Jim Carrey.
2020-12-08 22:52:15.432 [main] INFO  codecta.academy.DisneylandsNetflixApp.netflix.Movies.Movie - Iz fajla C:\Users\Haris\Desktop\Repos\[GitHub] - academy-2021\academy-2021\DisneylandsNetflixApp\src\main\resources\Genres\Comedy\Home Alone\Home Alone.txt izgenerisani podaci o filmu Home Alone.
2020-12-08 22:52:15.433 [main] INFO  codecta.academy.DisneylandsNetflixApp.netflix.Actors.Actor - Iz fajla C:\Users\Haris\Desktop\Repos\[GitHub] - academy-2021\academy-2021\DisneylandsNetflixApp\src\main\resources\Genres\Comedy\Home Alone\Actors\Daniel Stern.txt izgenerisani podaci o glumcu Daniel Stern.
2020-12-08 22:52:15.434 [main] INFO  codecta.academy.DisneylandsNetflixApp.netflix.Actors.Actor - Iz fajla C:\Users\Haris\Desktop\Repos\[GitHub] - academy-2021\academy-2021\DisneylandsNetflixApp\src\main\resources\Genres\Comedy\Home Alone\Actors\Joe Pesci.txt izgenerisani podaci o glumcu Joe Pesci.
2020-12-08 22:52:15.434 [main] INFO  codecta.academy.DisneylandsNetflixApp.netflix.Actors.Actor - Iz fajla C:\Users\Haris\Desktop\Repos\[GitHub] - academy-2021\academy-2021\DisneylandsNetflixApp\src\main\resources\Genres\Comedy\Home Alone\Actors\Macaulay Culkin.txt izgenerisani podaci o glumcu Macaulay Culkin.
2020-12-08 22:52:15.435 [main] INFO  codecta.academy.DisneylandsNetflixApp.netflix.Movies.Movie - Iz fajla C:\Users\Haris\Desktop\Repos\[GitHub] - academy-2021\academy-2021\DisneylandsNetflixApp\src\main\resources\Genres\Comedy\Dumb and dumber\Dumb and dumber.txt izgenerisani podaci o filmu Dumb and Dumber.
2020-12-08 22:52:15.435 [main] INFO  codecta.academy.DisneylandsNetflixApp.netflix.Actors.Actor - Iz fajla C:\Users\Haris\Desktop\Repos\[GitHub] - academy-2021\academy-2021\DisneylandsNetflixApp\src\main\resources\Genres\Comedy\Dumb and dumber\Actors\Jeff Daniels.txt izgenerisani podaci o glumcu Jeff Daniels.
2020-12-08 22:52:15.437 [main] INFO  codecta.academy.DisneylandsNetflixApp.netflix.Actors.Actor - Iz fajla C:\Users\Haris\Desktop\Repos\[GitHub] - academy-2021\academy-2021\Disne